*****new entry*****
OPEN PORTS: 22,757001 22,757001
ELIGIBLE PORTS TO KILL: 
DID NOT KILL
*****new entry*****
OPEN PORTS: 
ELIGIBLE PORTS TO KILL: 
DID NOT KILL
*****new entry*****
OPEN PORTS: 22,757001 22,757001
ELIGIBLE PORTS TO KILL: 
DID NOT KILL
*****new entry*****
OPEN PORTS: 
ELIGIBLE PORTS TO KILL: 
DID NOT KILL
*****new entry*****
OPEN PORTS: 22,757001 22,757001
ELIGIBLE PORTS TO KILL: 
DID NOT KILL
*****new entry*****
OPEN PORTS: 
ELIGIBLE PORTS TO KILL: 
DID NOT KILL
*****new entry*****
OPEN PORTS: 22,757001 22,757001
ELIGIBLE PORTS TO KILL: 
DID NOT KILL
*****new entry*****
OPEN PORTS: 
ELIGIBLE PORTS TO KILL: 
DID NOT KILL
*****new entry*****
OPEN PORTS: 9000,760126 8000,760605 22,757001 22,757001
ELIGIBLE PORTS TO KILL: 
DID NOT KILL
*****new entry*****
OPEN PORTS: 
ELIGIBLE PORTS TO KILL: 
DID NOT KILL
*****new entry*****
OPEN PORTS: 9000,760126 8000,760605 22,757001 22,757001
ELIGIBLE PORTS TO KILL: 9000,760126
KILLED: 9000,760126
*****new entry*****
OPEN PORTS: 
ELIGIBLE PORTS TO KILL: 
DID NOT KILL
*****new entry*****
OPEN PORTS: 8000,760605 22,757001 22,757001
ELIGIBLE PORTS TO KILL: 
DID NOT KILL
*****new entry*****
OPEN PORTS: 
ELIGIBLE PORTS TO KILL: 
DID NOT KILL
*****new entry*****
OPEN PORTS: 8000,760605 22,757001 22,757001
ELIGIBLE PORTS TO KILL: 
DID NOT KILL
*****new entry*****
OPEN PORTS: 
ELIGIBLE PORTS TO KILL: 
DID NOT KILL
*****new entry*****
OPEN PORTS: 8000,760605 22,757001 22,757001
ELIGIBLE PORTS TO KILL: 
DID NOT KILL
*****new entry*****
OPEN PORTS: 
ELIGIBLE PORTS TO KILL: 
DID NOT KILL
*****new entry*****
OPEN PORTS: 8000,760605 22,757001 22,757001
ELIGIBLE PORTS TO KILL: 
DID NOT KILL
*****new entry*****
OPEN PORTS: 
ELIGIBLE PORTS TO KILL: 
DID NOT KILL
*****new entry*****
OPEN PORTS: 8000,760605 22,757001 22,757001
ELIGIBLE PORTS TO KILL: 
DID NOT KILL
*****new entry*****
OPEN PORTS: 
ELIGIBLE PORTS TO KILL: 
DID NOT KILL
*****new entry*****
OPEN PORTS: 
ELIGIBLE PORTS TO KILL: 
DID NOT KILL
*****new entry*****
OPEN PORTS: 
ELIGIBLE PORTS TO KILL: 
DID NOT KILL
*****new entry*****
OPEN PORTS: 8000,760605 22,757001 22,757001
ELIGIBLE PORTS TO KILL: 
DID NOT KILL
*****new entry*****
OPEN PORTS: 8000,760605 22,757001 22,757001
ELIGIBLE PORTS TO KILL: 
DID NOT KILL
*****new entry*****
OPEN PORTS: 8000,760605 22,757001 22,757001
ELIGIBLE PORTS TO KILL: 
DID NOT KILL
*****new entry*****
OPEN PORTS: 8000,760605 22,757001 22,757001
ELIGIBLE PORTS TO KILL: 
DID NOT KILL
*****new entry*****
OPEN PORTS: 
ELIGIBLE PORTS TO KILL: 
DID NOT KILL
*****new entry*****
OPEN PORTS: 
ELIGIBLE PORTS TO KILL: 
DID NOT KILL
*****new entry*****
OPEN PORTS: 8000,760605 22,757001 22,757001
ELIGIBLE PORTS TO KILL: 
DID NOT KILL
*****new entry*****
OPEN PORTS: 
ELIGIBLE PORTS TO KILL: 
DID NOT KILL
*****new entry*****
OPEN PORTS: 8000,760605 22,757001 22,757001
ELIGIBLE PORTS TO KILL: 
DID NOT KILL
